{
  "0 debug pnpm:scope": {
    "selected": 1
  },
  "1 debug pnpm:package-manifest": {
    "initial": {
      "name": "notes-app",
      "version": "0.1.0",
      "private": true,
      "dependencies": {
        "@craco/craco": "7.0.0-alpha.0",
        "@testing-library/jest-dom": "5.16.1",
        "@testing-library/react": "12.1.2",
        "@testing-library/user-event": "13.5.0",
        "enzyme": "3.11.0",
        "jest-styled-components": "7.0.8",
        "js-cookie": "3.0.5",
        "react": "17.0.2",
        "react-dom": "17.0.2",
        "react-icons": "4.2.0",
        "react-router-dom": "5.2.0",
        "react-scripts": "5.0.0",
        "reactjs-social-login": "2.6.3",
        "styled-components": "5.3.3",
        "uuid": "8.3.2"
      },
      "scripts": {
        "start": "craco start",
        "build": "craco build",
        "test": "craco test",
        "lint": "eslint .",
        "lint:fix": "eslint --fix src/",
        "format": "prettier --write \"./src\"",
        "run-all": "npm-run-all --parallel test lint:fix"
      },
      "lint-staged": {
        "*.js": [
          "npm run lint:fix"
        ],
        "*.{js, jsx, json, html, css}": [
          "npm run format"
        ]
      },
      "husky": {
        "hooks": {
          "pre-commit": "lint-staged"
        }
      },
      "browserslist": {
        "production": [
          ">0.2%",
          "not dead",
          "not op_mini all"
        ],
        "development": [
          "last 1 chrome version",
          "last 1 firefox version",
          "last 1 safari version"
        ]
      },
      "devDependencies": {
        "@babel/core": "7.16.5",
        "@babel/eslint-parser": "7.16.5",
        "babel-plugin-styled-components": "2.0.2",
        "eslint": "8.5.0",
        "eslint-config-airbnb": "18.2.1",
        "eslint-config-prettier": "8.1.0",
        "eslint-plugin-prettier": "3.3.1",
        "husky": "4.3.8",
        "lint-staged": "10.5.4",
        "npm-run-all": "4.1.5",
        "prettier": "2.5.1"
      }
    },
    "prefix": "/home/workspace/react-hooks/coding-practices/notesApp"
  },
  "2 debug pnpm:context": {
    "currentLockfileExists": true,
    "storeDir": "/home/workspace/.pnpm-store/v3",
    "virtualStoreDir": "/home/workspace/react-hooks/coding-practices/notesApp/node_modules/.pnpm"
  },
  "3 debug pnpm:stage": {
    "prefix": "/home/workspace/react-hooks/coding-practices/notesApp",
    "stage": "resolution_started"
  },
  "4 debug pnpm:_dependency_resolved": {
    "resolution": "registry.npmjs.org/@babel/core/7.16.5",
    "wanted": {
      "dependentId": ".",
      "name": "@babel/core",
      "rawSpec": "7.16.5"
    }
  },
  "5 debug pnpm:_dependency_resolved": {
    "resolution": "registry.npmjs.org/@babel/eslint-parser/7.16.5",
    "wanted": {
      "dependentId": ".",
      "name": "@babel/eslint-parser",
      "rawSpec": "7.16.5"
    }
  },
  "6 debug pnpm:_dependency_resolved": {
    "resolution": "registry.npmjs.org/babel-plugin-styled-components/2.0.2",
    "wanted": {
      "dependentId": ".",
      "name": "babel-plugin-styled-components",
      "rawSpec": "2.0.2"
    }
  },
  "7 debug pnpm:_dependency_resolved": {
    "resolution": "registry.npmjs.org/eslint/8.5.0",
    "wanted": {
      "dependentId": ".",
      "name": "eslint",
      "rawSpec": "8.5.0"
    }
  },
  "8 debug pnpm:_dependency_resolved": {
    "resolution": "registry.npmjs.org/eslint-config-airbnb/18.2.1",
    "wanted": {
      "dependentId": ".",
      "name": "eslint-config-airbnb",
      "rawSpec": "18.2.1"
    }
  },
  "9 debug pnpm:_dependency_resolved": {
    "resolution": "registry.npmjs.org/eslint-config-prettier/8.1.0",
    "wanted": {
      "dependentId": ".",
      "name": "eslint-config-prettier",
      "rawSpec": "8.1.0"
    }
  },
  "10 debug pnpm:_dependency_resolved": {
    "resolution": "registry.npmjs.org/eslint-plugin-prettier/3.3.1",
    "wanted": {
      "dependentId": ".",
      "name": "eslint-plugin-prettier",
      "rawSpec": "3.3.1"
    }
  },
  "11 debug pnpm:_dependency_resolved": {
    "resolution": "registry.npmjs.org/husky/4.3.8",
    "wanted": {
      "dependentId": ".",
      "name": "husky",
      "rawSpec": "4.3.8"
    }
  },
  "12 debug pnpm:_dependency_resolved": {
    "resolution": "registry.npmjs.org/lint-staged/10.5.4",
    "wanted": {
      "dependentId": ".",
      "name": "lint-staged",
      "rawSpec": "10.5.4"
    }
  },
  "13 debug pnpm:_dependency_resolved": {
    "resolution": "registry.npmjs.org/npm-run-all/4.1.5",
    "wanted": {
      "dependentId": ".",
      "name": "npm-run-all",
      "rawSpec": "4.1.5"
    }
  },
  "14 debug pnpm:_dependency_resolved": {
    "resolution": "registry.npmjs.org/prettier/2.5.1",
    "wanted": {
      "dependentId": ".",
      "name": "prettier",
      "rawSpec": "2.5.1"
    }
  },
  "15 debug pnpm:_dependency_resolved": {
    "resolution": "registry.npmjs.org/@craco/craco/7.0.0-alpha.0",
    "wanted": {
      "dependentId": ".",
      "name": "@craco/craco",
      "rawSpec": "7.0.0-alpha.0"
    }
  },
  "16 debug pnpm:_dependency_resolved": {
    "resolution": "registry.npmjs.org/@testing-library/jest-dom/5.16.1",
    "wanted": {
      "dependentId": ".",
      "name": "@testing-library/jest-dom",
      "rawSpec": "5.16.1"
    }
  },
  "17 debug pnpm:_dependency_resolved": {
    "resolution": "registry.npmjs.org/@testing-library/react/12.1.2",
    "wanted": {
      "dependentId": ".",
      "name": "@testing-library/react",
      "rawSpec": "12.1.2"
    }
  },
  "18 debug pnpm:_dependency_resolved": {
    "resolution": "registry.npmjs.org/@testing-library/user-event/13.5.0",
    "wanted": {
      "dependentId": ".",
      "name": "@testing-library/user-event",
      "rawSpec": "13.5.0"
    }
  },
  "19 debug pnpm:_dependency_resolved": {
    "resolution": "registry.npmjs.org/enzyme/3.11.0",
    "wanted": {
      "dependentId": ".",
      "name": "enzyme",
      "rawSpec": "3.11.0"
    }
  },
  "20 debug pnpm:_dependency_resolved": {
    "resolution": "registry.npmjs.org/jest-styled-components/7.0.8",
    "wanted": {
      "dependentId": ".",
      "name": "jest-styled-components",
      "rawSpec": "7.0.8"
    }
  },
  "21 debug pnpm:_dependency_resolved": {
    "resolution": "registry.npmjs.org/js-cookie/3.0.5",
    "wanted": {
      "dependentId": ".",
      "name": "js-cookie",
      "rawSpec": "3.0.5"
    }
  },
  "22 debug pnpm:_dependency_resolved": {
    "resolution": "registry.npmjs.org/react/17.0.2",
    "wanted": {
      "dependentId": ".",
      "name": "react",
      "rawSpec": "17.0.2"
    }
  },
  "23 debug pnpm:_dependency_resolved": {
    "resolution": "registry.npmjs.org/react-dom/17.0.2",
    "wanted": {
      "dependentId": ".",
      "name": "react-dom",
      "rawSpec": "17.0.2"
    }
  },
  "24 debug pnpm:_dependency_resolved": {
    "resolution": "registry.npmjs.org/react-icons/4.2.0",
    "wanted": {
      "dependentId": ".",
      "name": "react-icons",
      "rawSpec": "4.2.0"
    }
  },
  "25 debug pnpm:_dependency_resolved": {
    "resolution": "registry.npmjs.org/react-router-dom/5.2.0",
    "wanted": {
      "dependentId": ".",
      "name": "react-router-dom",
      "rawSpec": "5.2.0"
    }
  },
  "26 debug pnpm:_dependency_resolved": {
    "resolution": "registry.npmjs.org/react-scripts/5.0.0",
    "wanted": {
      "dependentId": ".",
      "name": "react-scripts",
      "rawSpec": "5.0.0"
    }
  },
  "27 debug pnpm:_dependency_resolved": {
    "resolution": "registry.npmjs.org/reactjs-social-login/2.6.3",
    "wanted": {
      "dependentId": ".",
      "name": "reactjs-social-login",
      "rawSpec": "2.6.3"
    }
  },
  "28 debug pnpm:_dependency_resolved": {
    "resolution": "registry.npmjs.org/styled-components/5.3.3",
    "wanted": {
      "dependentId": ".",
      "name": "styled-components",
      "rawSpec": "5.3.3"
    }
  },
  "29 debug pnpm:_dependency_resolved": {
    "resolution": "registry.npmjs.org/uuid/8.3.2",
    "wanted": {
      "dependentId": ".",
      "name": "uuid",
      "rawSpec": "8.3.2"
    }
  },
  "30 debug pnpm:progress": {
    "packageId": "registry.npmjs.org/@babel/eslint-parser/7.16.5",
    "requester": "/home/workspace/react-hooks/coding-practices/notesApp",
    "status": "found_in_store"
  },
  "31 debug pnpm:progress": {
    "packageId": "registry.npmjs.org/@babel/eslint-parser/7.16.5",
    "requester": "/home/workspace/react-hooks/coding-practices/notesApp",
    "status": "resolved"
  },
  "32 debug pnpm:progress": {
    "packageId": "registry.npmjs.org/@babel/core/7.16.5",
    "requester": "/home/workspace/react-hooks/coding-practices/notesApp",
    "status": "found_in_store"
  },
  "33 debug pnpm:progress": {
    "packageId": "registry.npmjs.org/@babel/core/7.16.5",
    "requester": "/home/workspace/react-hooks/coding-practices/notesApp",
    "status": "resolved"
  },
  "34 debug pnpm:progress": {
    "packageId": "registry.npmjs.org/babel-plugin-styled-components/2.0.2",
    "requester": "/home/workspace/react-hooks/coding-practices/notesApp",
    "status": "found_in_store"
  },
  "35 debug pnpm:progress": {
    "packageId": "registry.npmjs.org/babel-plugin-styled-components/2.0.2",
    "requester": "/home/workspace/react-hooks/coding-practices/notesApp",
    "status": "resolved"
  },
  "36 debug pnpm:progress": {
    "packageId": "registry.npmjs.org/eslint/8.5.0",
    "requester": "/home/workspace/react-hooks/coding-practices/notesApp",
    "status": "found_in_store"
  },
  "37 debug pnpm:progress": {
    "packageId": "registry.npmjs.org/eslint/8.5.0",
    "requester": "/home/workspace/react-hooks/coding-practices/notesApp",
    "status": "resolved"
  },
  "38 debug pnpm:progress": {
    "packageId": "registry.npmjs.org/eslint-config-airbnb/18.2.1",
    "requester": "/home/workspace/react-hooks/coding-practices/notesApp",
    "status": "found_in_store"
  },
  "39 debug pnpm:progress": {
    "packageId": "registry.npmjs.org/eslint-config-airbnb/18.2.1",
    "requester": "/home/workspace/react-hooks/coding-practices/notesApp",
    "status": "resolved"
  },
  "40 debug pnpm:progress": {
    "packageId": "registry.npmjs.org/eslint-config-prettier/8.1.0",
    "requester": "/home/workspace/react-hooks/coding-practices/notesApp",
    "status": "found_in_store"
  },
  "41 debug pnpm:progress": {
    "packageId": "registry.npmjs.org/eslint-config-prettier/8.1.0",
    "requester": "/home/workspace/react-hooks/coding-practices/notesApp",
    "status": "resolved"
  },
  "42 debug pnpm:progress": {
    "packageId": "registry.npmjs.org/eslint-plugin-prettier/3.3.1",
    "requester": "/home/workspace/react-hooks/coding-practices/notesApp",
    "status": "found_in_store"
  },
  "43 debug pnpm:progress": {
    "packageId": "registry.npmjs.org/eslint-plugin-prettier/3.3.1",
    "requester": "/home/workspace/react-hooks/coding-practices/notesApp",
    "status": "resolved"
  },
  "44 debug pnpm:progress": {
    "packageId": "registry.npmjs.org/husky/4.3.8",
    "requester": "/home/workspace/react-hooks/coding-practices/notesApp",
    "status": "found_in_store"
  },
  "45 debug pnpm:progress": {
    "packageId": "registry.npmjs.org/husky/4.3.8",
    "requester": "/home/workspace/react-hooks/coding-practices/notesApp",
    "status": "resolved"
  },
  "46 debug pnpm:progress": {
    "packageId": "registry.npmjs.org/lint-staged/10.5.4",
    "requester": "/home/workspace/react-hooks/coding-practices/notesApp",
    "status": "found_in_store"
  },
  "47 debug pnpm:progress": {
    "packageId": "registry.npmjs.org/lint-staged/10.5.4",
    "requester": "/home/workspace/react-hooks/coding-practices/notesApp",
    "status": "resolved"
  },
  "48 debug pnpm:progress": {
    "packageId": "registry.npmjs.org/npm-run-all/4.1.5",
    "requester": "/home/workspace/react-hooks/coding-practices/notesApp",
    "status": "found_in_store"
  },
  "49 debug pnpm:progress": {
    "packageId": "registry.npmjs.org/npm-run-all/4.1.5",
    "requester": "/home/workspace/react-hooks/coding-practices/notesApp",
    "status": "resolved"
  },
  "50 debug pnpm:progress": {
    "packageId": "registry.npmjs.org/@craco/craco/7.0.0-alpha.0",
    "requester": "/home/workspace/react-hooks/coding-practices/notesApp",
    "status": "found_in_store"
  },
  "51 debug pnpm:progress": {
    "packageId": "registry.npmjs.org/@craco/craco/7.0.0-alpha.0",
    "requester": "/home/workspace/react-hooks/coding-practices/notesApp",
    "status": "resolved"
  },
  "52 debug pnpm:progress": {
    "packageId": "registry.npmjs.org/prettier/2.5.1",
    "requester": "/home/workspace/react-hooks/coding-practices/notesApp",
    "status": "found_in_store"
  },
  "53 debug pnpm:progress": {
    "packageId": "registry.npmjs.org/prettier/2.5.1",
    "requester": "/home/workspace/react-hooks/coding-practices/notesApp",
    "status": "resolved"
  },
  "54 debug pnpm:progress": {
    "packageId": "registry.npmjs.org/@testing-library/jest-dom/5.16.1",
    "requester": "/home/workspace/react-hooks/coding-practices/notesApp",
    "status": "found_in_store"
  },
  "55 debug pnpm:progress": {
    "packageId": "registry.npmjs.org/@testing-library/jest-dom/5.16.1",
    "requester": "/home/workspace/react-hooks/coding-practices/notesApp",
    "status": "resolved"
  },
  "56 debug pnpm:progress": {
    "packageId": "registry.npmjs.org/@testing-library/react/12.1.2",
    "requester": "/home/workspace/react-hooks/coding-practices/notesApp",
    "status": "found_in_store"
  },
  "57 debug pnpm:progress": {
    "packageId": "registry.npmjs.org/@testing-library/react/12.1.2",
    "requester": "/home/workspace/react-hooks/coding-practices/notesApp",
    "status": "resolved"
  },
  "58 debug pnpm:progress": {
    "packageId": "registry.npmjs.org/@testing-library/user-event/13.5.0",
    "requester": "/home/workspace/react-hooks/coding-practices/notesApp",
    "status": "found_in_store"
  },
  "59 debug pnpm:progress": {
    "packageId": "registry.npmjs.org/@testing-library/user-event/13.5.0",
    "requester": "/home/workspace/react-hooks/coding-practices/notesApp",
    "status": "resolved"
  },
  "60 debug pnpm:progress": {
    "packageId": "registry.npmjs.org/enzyme/3.11.0",
    "requester": "/home/workspace/react-hooks/coding-practices/notesApp",
    "status": "found_in_store"
  },
  "61 debug pnpm:progress": {
    "packageId": "registry.npmjs.org/enzyme/3.11.0",
    "requester": "/home/workspace/react-hooks/coding-practices/notesApp",
    "status": "resolved"
  },
  "62 debug pnpm:progress": {
    "packageId": "registry.npmjs.org/jest-styled-components/7.0.8",
    "requester": "/home/workspace/react-hooks/coding-practices/notesApp",
    "status": "found_in_store"
  },
  "63 debug pnpm:progress": {
    "packageId": "registry.npmjs.org/jest-styled-components/7.0.8",
    "requester": "/home/workspace/react-hooks/coding-practices/notesApp",
    "status": "resolved"
  },
  "64 debug pnpm:progress": {
    "packageId": "registry.npmjs.org/js-cookie/3.0.5",
    "requester": "/home/workspace/react-hooks/coding-practices/notesApp",
    "status": "found_in_store"
  },
  "65 debug pnpm:progress": {
    "packageId": "registry.npmjs.org/js-cookie/3.0.5",
    "requester": "/home/workspace/react-hooks/coding-practices/notesApp",
    "status": "resolved"
  },
  "66 debug pnpm:progress": {
    "packageId": "registry.npmjs.org/react/17.0.2",
    "requester": "/home/workspace/react-hooks/coding-practices/notesApp",
    "status": "found_in_store"
  },
  "67 debug pnpm:progress": {
    "packageId": "registry.npmjs.org/react/17.0.2",
    "requester": "/home/workspace/react-hooks/coding-practices/notesApp",
    "status": "resolved"
  },
  "68 debug pnpm:progress": {
    "packageId": "registry.npmjs.org/react-dom/17.0.2",
    "requester": "/home/workspace/react-hooks/coding-practices/notesApp",
    "status": "found_in_store"
  },
  "69 debug pnpm:progress": {
    "packageId": "registry.npmjs.org/react-dom/17.0.2",
    "requester": "/home/workspace/react-hooks/coding-practices/notesApp",
    "status": "resolved"
  },
  "70 debug pnpm:progress": {
    "packageId": "registry.npmjs.org/react-icons/4.2.0",
    "requester": "/home/workspace/react-hooks/coding-practices/notesApp",
    "status": "found_in_store"
  },
  "71 debug pnpm:progress": {
    "packageId": "registry.npmjs.org/react-icons/4.2.0",
    "requester": "/home/workspace/react-hooks/coding-practices/notesApp",
    "status": "resolved"
  },
  "72 debug pnpm:progress": {
    "packageId": "registry.npmjs.org/react-router-dom/5.2.0",
    "requester": "/home/workspace/react-hooks/coding-practices/notesApp",
    "status": "found_in_store"
  },
  "73 debug pnpm:progress": {
    "packageId": "registry.npmjs.org/react-router-dom/5.2.0",
    "requester": "/home/workspace/react-hooks/coding-practices/notesApp",
    "status": "resolved"
  },
  "74 debug pnpm:progress": {
    "packageId": "registry.npmjs.org/react-scripts/5.0.0",
    "requester": "/home/workspace/react-hooks/coding-practices/notesApp",
    "status": "found_in_store"
  },
  "75 debug pnpm:progress": {
    "packageId": "registry.npmjs.org/react-scripts/5.0.0",
    "requester": "/home/workspace/react-hooks/coding-practices/notesApp",
    "status": "resolved"
  },
  "76 debug pnpm:progress": {
    "packageId": "registry.npmjs.org/uuid/8.3.2",
    "requester": "/home/workspace/react-hooks/coding-practices/notesApp",
    "status": "found_in_store"
  },
  "77 debug pnpm:progress": {
    "packageId": "registry.npmjs.org/uuid/8.3.2",
    "requester": "/home/workspace/react-hooks/coding-practices/notesApp",
    "status": "resolved"
  },
  "78 debug pnpm:progress": {
    "packageId": "registry.npmjs.org/styled-components/5.3.3",
    "requester": "/home/workspace/react-hooks/coding-practices/notesApp",
    "status": "found_in_store"
  },
  "79 debug pnpm:progress": {
    "packageId": "registry.npmjs.org/styled-components/5.3.3",
    "requester": "/home/workspace/react-hooks/coding-practices/notesApp",
    "status": "resolved"
  },
  "80 debug pnpm:progress": {
    "packageId": "registry.npmjs.org/reactjs-social-login/2.6.3",
    "requester": "/home/workspace/react-hooks/coding-practices/notesApp",
    "status": "found_in_store"
  },
  "81 debug pnpm:progress": {
    "packageId": "registry.npmjs.org/reactjs-social-login/2.6.3",
    "requester": "/home/workspace/react-hooks/coding-practices/notesApp",
    "status": "resolved"
  },
  "82 error pnpm": {
    "shortMessage": "Command failed with exit code 128: /usr/bin/git ls-remote git+ssh://git@github.com/react-icons/ci.git HEAD",
    "command": "/usr/bin/git ls-remote git+ssh://git@github.com/react-icons/ci.git HEAD",
    "escapedCommand": "\"/usr/bin/git\" ls-remote \"git+ssh://git@github.com/react-icons/ci.git\" HEAD",
    "exitCode": 128,
    "stdout": "",
    "stderr": "Permission denied (publickey).\r\nfatal: Could not read from remote repository.\n\nPlease make sure you have the correct access rights\nand the repository exists.",
    "failed": true,
    "timedOut": false,
    "isCanceled": false,
    "killed": false,
    "pkgsStack": [],
    "err": {
      "name": "pnpm",
      "message": "Command failed with exit code 128: /usr/bin/git ls-remote git+ssh://git@github.com/react-icons/ci.git HEAD\nPermission denied (publickey).\r\nfatal: Could not read from remote repository.\n\nPlease make sure you have the correct access rights\nand the repository exists.",
      "stack": "pnpm: Command failed with exit code 128: /usr/bin/git ls-remote git+ssh://git@github.com/react-icons/ci.git HEAD\nPermission denied (publickey).\r\nfatal: Could not read from remote repository.\n\nPlease make sure you have the correct access rights\nand the repository exists.\n    at makeError (/usr/local/lib/node_modules/pnpm/dist/pnpm.cjs:42606:17)\n    at handlePromise (/usr/local/lib/node_modules/pnpm/dist/pnpm.cjs:43177:33)\n    at processTicksAndRejections (internal/process/task_queues.js:95:5)\n    at async getRepoRefs (/usr/local/lib/node_modules/pnpm/dist/pnpm.cjs:85135:23)\n    at async resolveRef (/usr/local/lib/node_modules/pnpm/dist/pnpm.cjs:85147:20)\n    at async resolveGit (/usr/local/lib/node_modules/pnpm/dist/pnpm.cjs:85098:24)\n    at async Object.resolve (/usr/local/lib/node_modules/pnpm/dist/pnpm.cjs:86223:241)\n    at async run (/usr/local/lib/node_modules/pnpm/dist/pnpm.cjs:74299:23)"
    }
  }
}